<?xml version="1.0"?>
<testsuite name="Chrome 81.0.4044 (Linux 0.0.0)" package="" timestamp="2020-05-18T13:23:44" id="0" hostname="obi" tests="5" errors="0" failures="0" time="0.56">
  <properties>
    <property name="browser.fullName" value="Mozilla/5.0 (X11; Linux x86_64) AppleWebKit/537.36 (KHTML, like Gecko) Chrome/81.0.4044.138 Safari/537.36"/>
  </properties>
  <testcase name="AppComponent should create the app" time="0.192" classname="AppComponent"/>
  <testcase name="AppComponent should have as title 'test-circle-ci'" time="0.134" classname="AppComponent"/>
  <testcase name="AppComponent should render title" time="0.094" classname="AppComponent"/>
  <testcase name="AppComponent shoud fail with circleci" time="0.071" classname="AppComponent"/>
  <testcase name="AppComponent shoud pass with circleci" time="0.069" classname="AppComponent"/>
  <system-out>
    <![CDATA[
]]>
  </system-out>
  <system-err/>
</testsuite>